  [1m[35m (0.1ms)[0m  [1m[34mSELECT sqlite_version(*)[0m
  [1m[35m (94.7ms)[0m  [1m[35mCREATE TABLE "schema_migrations" ("version" varchar NOT NULL PRIMARY KEY)[0m
  [1m[35m (106.3ms)[0m  [1m[35mCREATE TABLE "ar_internal_metadata" ("key" varchar NOT NULL PRIMARY KEY, "value" varchar, "created_at" datetime NOT NULL, "updated_at" datetime NOT NULL)[0m
  [1m[35m (0.1ms)[0m  [1m[34mSELECT "schema_migrations"."version" FROM "schema_migrations" ORDER BY "schema_migrations"."version" ASC[0m
Migrating to CreateInvoices (20171016220729)
  [1m[35m (0.0ms)[0m  [1m[36mbegin transaction[0m
  [1m[35m (0.3ms)[0m  [1m[35mCREATE TABLE "invoices" ("id" INTEGER PRIMARY KEY AUTOINCREMENT NOT NULL, "date" date, "client" varchar, "notes" varchar, "count" varchar, "created_at" datetime NOT NULL, "updated_at" datetime NOT NULL)[0m
  [1m[35mSQL (0.1ms)[0m  [1m[32mINSERT INTO "schema_migrations" ("version") VALUES (?)[0m  [["version", "20171016220729"]]
  [1m[35m (79.4ms)[0m  [1m[36mcommit transaction[0m
  [1m[36mActiveRecord::InternalMetadata Load (0.9ms)[0m  [1m[34mSELECT  "ar_internal_metadata".* FROM "ar_internal_metadata" WHERE "ar_internal_metadata"."key" = ? LIMIT ?[0m  [["key", "environment"], ["LIMIT", 1]]
  [1m[35m (0.1ms)[0m  [1m[36mbegin transaction[0m
  [1m[35mSQL (0.2ms)[0m  [1m[32mINSERT INTO "ar_internal_metadata" ("key", "value", "created_at", "updated_at") VALUES (?, ?, ?, ?)[0m  [["key", "environment"], ["value", "development"], ["created_at", "2017-10-16 22:07:35.471835"], ["updated_at", "2017-10-16 22:07:35.471835"]]
  [1m[35m (50.0ms)[0m  [1m[36mcommit transaction[0m
  [1m[35m (0.1ms)[0m  [1m[34mSELECT "schema_migrations"."version" FROM "schema_migrations" ORDER BY "schema_migrations"."version" ASC[0m
  [1m[35m (0.1ms)[0m  [1m[34mSELECT "schema_migrations"."version" FROM "schema_migrations" ORDER BY "schema_migrations"."version" ASC[0m
  [1m[35m (0.1ms)[0m  [1m[36mbegin transaction[0m
  [1m[35mSQL (1.9ms)[0m  [1m[32mINSERT INTO "invoices" ("date", "client", "count", "created_at", "updated_at") VALUES (?, ?, ?, ?, ?)[0m  [["date", "2016-04-01"], ["client", "Pedro Alonso"], ["count", "24.9"], ["created_at", "2017-10-16 22:08:08.590984"], ["updated_at", "2017-10-16 22:08:08.590984"]]
  [1m[35m (63.9ms)[0m  [1m[36mcommit transaction[0m
Started GET "/" for 127.0.0.1 at 2017-10-17 01:09:51 +0300
  [1m[35m (0.1ms)[0m  [1m[34mSELECT "schema_migrations"."version" FROM "schema_migrations" ORDER BY "schema_migrations"."version" ASC[0m
  
ActionController::RoutingError (uninitialized constant InvoicesController):
  
activesupport (5.1.4) lib/active_support/inflector/methods.rb:269:in `const_get'
activesupport (5.1.4) lib/active_support/inflector/methods.rb:269:in `block in constantize'
activesupport (5.1.4) lib/active_support/inflector/methods.rb:267:in `each'
activesupport (5.1.4) lib/active_support/inflector/methods.rb:267:in `inject'
activesupport (5.1.4) lib/active_support/inflector/methods.rb:267:in `constantize'
actionpack (5.1.4) lib/action_dispatch/http/request.rb:85:in `controller_class_for'
actionpack (5.1.4) lib/action_dispatch/http/request.rb:78:in `controller_class'
actionpack (5.1.4) lib/action_dispatch/routing/route_set.rb:43:in `controller'
actionpack (5.1.4) lib/action_dispatch/routing/route_set.rb:29:in `serve'
actionpack (5.1.4) lib/action_dispatch/journey/router.rb:50:in `block in serve'
actionpack (5.1.4) lib/action_dispatch/journey/router.rb:33:in `each'
actionpack (5.1.4) lib/action_dispatch/journey/router.rb:33:in `serve'
actionpack (5.1.4) lib/action_dispatch/routing/route_set.rb:834:in `call'
rack (2.0.3) lib/rack/etag.rb:25:in `call'
rack (2.0.3) lib/rack/conditional_get.rb:25:in `call'
rack (2.0.3) lib/rack/head.rb:12:in `call'
rack (2.0.3) lib/rack/session/abstract/id.rb:232:in `context'
rack (2.0.3) lib/rack/session/abstract/id.rb:226:in `call'
actionpack (5.1.4) lib/action_dispatch/middleware/cookies.rb:613:in `call'
activerecord (5.1.4) lib/active_record/migration.rb:556:in `call'
actionpack (5.1.4) lib/action_dispatch/middleware/callbacks.rb:26:in `block in call'
activesupport (5.1.4) lib/active_support/callbacks.rb:97:in `run_callbacks'
actionpack (5.1.4) lib/action_dispatch/middleware/callbacks.rb:24:in `call'
actionpack (5.1.4) lib/action_dispatch/middleware/executor.rb:12:in `call'
actionpack (5.1.4) lib/action_dispatch/middleware/debug_exceptions.rb:59:in `call'
web-console (3.5.1) lib/web_console/middleware.rb:135:in `call_app'
web-console (3.5.1) lib/web_console/middleware.rb:28:in `block in call'
web-console (3.5.1) lib/web_console/middleware.rb:18:in `catch'
web-console (3.5.1) lib/web_console/middleware.rb:18:in `call'
actionpack (5.1.4) lib/action_dispatch/middleware/show_exceptions.rb:31:in `call'
railties (5.1.4) lib/rails/rack/logger.rb:36:in `call_app'
railties (5.1.4) lib/rails/rack/logger.rb:24:in `block in call'
activesupport (5.1.4) lib/active_support/tagged_logging.rb:69:in `block in tagged'
activesupport (5.1.4) lib/active_support/tagged_logging.rb:26:in `tagged'
activesupport (5.1.4) lib/active_support/tagged_logging.rb:69:in `tagged'
railties (5.1.4) lib/rails/rack/logger.rb:24:in `call'
sprockets-rails (3.2.1) lib/sprockets/rails/quiet_assets.rb:13:in `call'
actionpack (5.1.4) lib/action_dispatch/middleware/remote_ip.rb:79:in `call'
actionpack (5.1.4) lib/action_dispatch/middleware/request_id.rb:25:in `call'
rack (2.0.3) lib/rack/method_override.rb:22:in `call'
rack (2.0.3) lib/rack/runtime.rb:22:in `call'
activesupport (5.1.4) lib/active_support/cache/strategy/local_cache_middleware.rb:27:in `call'
actionpack (5.1.4) lib/action_dispatch/middleware/executor.rb:12:in `call'
actionpack (5.1.4) lib/action_dispatch/middleware/static.rb:125:in `call'
rack (2.0.3) lib/rack/sendfile.rb:111:in `call'
railties (5.1.4) lib/rails/engine.rb:522:in `call'
puma (3.10.0) lib/puma/configuration.rb:225:in `call'
puma (3.10.0) lib/puma/server.rb:605:in `handle_request'
puma (3.10.0) lib/puma/server.rb:437:in `process_client'
puma (3.10.0) lib/puma/server.rb:301:in `block in run'
puma (3.10.0) lib/puma/thread_pool.rb:120:in `block in spawn_thread'
Started GET "/" for 127.0.0.1 at 2017-10-17 01:10:33 +0300
Processing by InvoicesController#index as HTML
  Rendering invoices/index.html.erb within layouts/application
  [1m[36mInvoice Load (0.1ms)[0m  [1m[34mSELECT "invoices".* FROM "invoices"[0m
  Rendered invoices/index.html.erb within layouts/application (10.5ms)
Completed 200 OK in 459ms (Views: 456.4ms | ActiveRecord: 0.9ms)


Started GET "/invoices/1" for 127.0.0.1 at 2017-10-17 01:10:47 +0300
Processing by InvoicesController#show as HTML
  Parameters: {"id"=>"1"}
  [1m[36mInvoice Load (0.2ms)[0m  [1m[34mSELECT  "invoices".* FROM "invoices" WHERE "invoices"."id" = ? LIMIT ?[0m  [["id", 1], ["LIMIT", 1]]
  Rendering invoices/show.html.erb within layouts/application
  Rendered invoices/show.html.erb within layouts/application (0.3ms)
Completed 200 OK in 23ms (Views: 18.7ms | ActiveRecord: 0.2ms)


Started GET "/reports/2/download.pdf" for 127.0.0.1 at 2017-10-17 01:11:36 +0300
  
ActionController::RoutingError (No route matches [GET] "/reports/2/download.pdf"):
  
actionpack (5.1.4) lib/action_dispatch/middleware/debug_exceptions.rb:63:in `call'
web-console (3.5.1) lib/web_console/middleware.rb:135:in `call_app'
web-console (3.5.1) lib/web_console/middleware.rb:28:in `block in call'
web-console (3.5.1) lib/web_console/middleware.rb:18:in `catch'
web-console (3.5.1) lib/web_console/middleware.rb:18:in `call'
actionpack (5.1.4) lib/action_dispatch/middleware/show_exceptions.rb:31:in `call'
railties (5.1.4) lib/rails/rack/logger.rb:36:in `call_app'
railties (5.1.4) lib/rails/rack/logger.rb:24:in `block in call'
activesupport (5.1.4) lib/active_support/tagged_logging.rb:69:in `block in tagged'
activesupport (5.1.4) lib/active_support/tagged_logging.rb:26:in `tagged'
activesupport (5.1.4) lib/active_support/tagged_logging.rb:69:in `tagged'
railties (5.1.4) lib/rails/rack/logger.rb:24:in `call'
sprockets-rails (3.2.1) lib/sprockets/rails/quiet_assets.rb:13:in `call'
actionpack (5.1.4) lib/action_dispatch/middleware/remote_ip.rb:79:in `call'
actionpack (5.1.4) lib/action_dispatch/middleware/request_id.rb:25:in `call'
rack (2.0.3) lib/rack/method_override.rb:22:in `call'
rack (2.0.3) lib/rack/runtime.rb:22:in `call'
activesupport (5.1.4) lib/active_support/cache/strategy/local_cache_middleware.rb:27:in `call'
actionpack (5.1.4) lib/action_dispatch/middleware/executor.rb:12:in `call'
actionpack (5.1.4) lib/action_dispatch/middleware/static.rb:125:in `call'
rack (2.0.3) lib/rack/sendfile.rb:111:in `call'
railties (5.1.4) lib/rails/engine.rb:522:in `call'
puma (3.10.0) lib/puma/configuration.rb:225:in `call'
puma (3.10.0) lib/puma/server.rb:605:in `handle_request'
puma (3.10.0) lib/puma/server.rb:437:in `process_client'
puma (3.10.0) lib/puma/server.rb:301:in `block in run'
puma (3.10.0) lib/puma/thread_pool.rb:120:in `block in spawn_thread'
Started GET "/invoices/1" for 127.0.0.1 at 2017-10-17 01:11:38 +0300
Processing by InvoicesController#show as HTML
  Parameters: {"id"=>"1"}
  [1m[36mInvoice Load (0.1ms)[0m  [1m[34mSELECT  "invoices".* FROM "invoices" WHERE "invoices"."id" = ? LIMIT ?[0m  [["id", 1], ["LIMIT", 1]]
  Rendering invoices/show.html.erb within layouts/application
  Rendered invoices/show.html.erb within layouts/application (56.2ms)
Completed 200 OK in 109ms (Views: 107.3ms | ActiveRecord: 0.1ms)


Started GET "/invoices/1" for 127.0.0.1 at 2017-10-17 01:14:09 +0300
Processing by InvoicesController#show as HTML
  Parameters: {"id"=>"1"}
  [1m[36mInvoice Load (0.1ms)[0m  [1m[34mSELECT  "invoices".* FROM "invoices" WHERE "invoices"."id" = ? LIMIT ?[0m  [["id", 1], ["LIMIT", 1]]
Completed 406 Not Acceptable in 10ms (ActiveRecord: 1.0ms)


  
ActionController::UnknownFormat (ActionController::UnknownFormat):
  
app/controllers/invoices_controller.rb:9:in `show'
Started GET "/invoices/1.pdf" for 127.0.0.1 at 2017-10-17 01:15:03 +0300
Processing by InvoicesController#show as PDF
  Parameters: {"id"=>"1"}
  [1m[36mInvoice Load (0.1ms)[0m  [1m[34mSELECT  "invoices".* FROM "invoices" WHERE "invoices"."id" = ? LIMIT ?[0m  [["id", 1], ["LIMIT", 1]]
***************WICKED***************
  Rendering invoices/show.pdf.erb
  Rendered invoices/show.pdf.erb (2.0ms)
  Rendering text template
  Rendered text template (0.0ms)
Sent data file_name_of_your_choice.pdf (25.9ms)
Completed 200 OK in 893ms (Views: 25.7ms | ActiveRecord: 0.1ms)


Started GET "/invoices/1" for 127.0.0.1 at 2017-10-17 01:15:18 +0300
Processing by InvoicesController#show as HTML
  Parameters: {"id"=>"1"}
  [1m[36mInvoice Load (0.2ms)[0m  [1m[34mSELECT  "invoices".* FROM "invoices" WHERE "invoices"."id" = ? LIMIT ?[0m  [["id", 1], ["LIMIT", 1]]
Completed 406 Not Acceptable in 5ms (ActiveRecord: 0.2ms)


  
ActionController::UnknownFormat (ActionController::UnknownFormat):
  
app/controllers/invoices_controller.rb:9:in `show'
Started GET "/" for 127.0.0.1 at 2017-10-17 01:15:27 +0300
Processing by InvoicesController#index as HTML
  Rendering invoices/index.html.erb within layouts/application
  [1m[36mInvoice Load (0.2ms)[0m  [1m[34mSELECT "invoices".* FROM "invoices"[0m
  Rendered invoices/index.html.erb within layouts/application (1.4ms)
Completed 200 OK in 16ms (Views: 14.7ms | ActiveRecord: 0.2ms)


Started GET "/invoices/1" for 127.0.0.1 at 2017-10-17 01:15:29 +0300
Processing by InvoicesController#show as HTML
  Parameters: {"id"=>"1"}
  [1m[36mInvoice Load (0.1ms)[0m  [1m[34mSELECT  "invoices".* FROM "invoices" WHERE "invoices"."id" = ? LIMIT ?[0m  [["id", 1], ["LIMIT", 1]]
Completed 406 Not Acceptable in 1ms (ActiveRecord: 0.1ms)


  
ActionController::UnknownFormat (ActionController::UnknownFormat):
  
app/controllers/invoices_controller.rb:9:in `show'
Started GET "/invoices/1.pdf" for 127.0.0.1 at 2017-10-17 01:15:49 +0300
Processing by InvoicesController#show as PDF
  Parameters: {"id"=>"1"}
  [1m[36mInvoice Load (0.1ms)[0m  [1m[34mSELECT  "invoices".* FROM "invoices" WHERE "invoices"."id" = ? LIMIT ?[0m  [["id", 1], ["LIMIT", 1]]
***************WICKED***************
  Rendering invoices/show.pdf.erb
  Rendered invoices/show.pdf.erb (0.6ms)
  Rendering text template
  Rendered text template (0.0ms)
Sent data file_name_of_your_choice.pdf (0.5ms)
Completed 200 OK in 750ms (Views: 0.3ms | ActiveRecord: 0.1ms)


Started GET "/invoices/1.html" for 127.0.0.1 at 2017-10-17 01:16:10 +0300
Processing by InvoicesController#show as HTML
  Parameters: {"id"=>"1"}
  [1m[36mInvoice Load (0.1ms)[0m  [1m[34mSELECT  "invoices".* FROM "invoices" WHERE "invoices"."id" = ? LIMIT ?[0m  [["id", 1], ["LIMIT", 1]]
Completed 406 Not Acceptable in 1ms (ActiveRecord: 0.1ms)


  
ActionController::UnknownFormat (ActionController::UnknownFormat):
  
app/controllers/invoices_controller.rb:9:in `show'
Started GET "/invoices/1.html" for 127.0.0.1 at 2017-10-17 01:17:05 +0300
Processing by InvoicesController#show as HTML
  Parameters: {"id"=>"1"}
  [1m[36mInvoice Load (0.2ms)[0m  [1m[34mSELECT  "invoices".* FROM "invoices" WHERE "invoices"."id" = ? LIMIT ?[0m  [["id", 1], ["LIMIT", 1]]
  Rendering invoices/show.html.erb within layouts/application
  Rendered invoices/show.html.erb within layouts/application (3.3ms)
Completed 200 OK in 44ms (Views: 25.8ms | ActiveRecord: 2.5ms)


Started GET "/invoices/1.pdf" for 127.0.0.1 at 2017-10-17 01:17:15 +0300
Processing by InvoicesController#show as PDF
  Parameters: {"id"=>"1"}
  [1m[36mInvoice Load (0.2ms)[0m  [1m[34mSELECT  "invoices".* FROM "invoices" WHERE "invoices"."id" = ? LIMIT ?[0m  [["id", 1], ["LIMIT", 1]]
***************WICKED***************
  Rendering invoices/show.pdf.erb
  Rendered invoices/show.pdf.erb (0.4ms)
  Rendering text template
  Rendered text template (0.0ms)
Sent data file_name_of_your_choice.pdf (0.6ms)
Completed 200 OK in 776ms (Views: 0.4ms | ActiveRecord: 0.2ms)


Started GET "/" for 127.0.0.1 at 2017-10-17 01:17:24 +0300
Processing by InvoicesController#index as HTML
  Rendering invoices/index.html.erb within layouts/application
  [1m[36mInvoice Load (0.2ms)[0m  [1m[34mSELECT "invoices".* FROM "invoices"[0m
  Rendered invoices/index.html.erb within layouts/application (1.2ms)
Completed 200 OK in 20ms (Views: 18.9ms | ActiveRecord: 0.2ms)


Started GET "/invoices/1" for 127.0.0.1 at 2017-10-17 01:17:25 +0300
Processing by InvoicesController#show as HTML
  Parameters: {"id"=>"1"}
  [1m[36mInvoice Load (0.1ms)[0m  [1m[34mSELECT  "invoices".* FROM "invoices" WHERE "invoices"."id" = ? LIMIT ?[0m  [["id", 1], ["LIMIT", 1]]
  Rendering invoices/show.html.erb within layouts/application
  Rendered invoices/show.html.erb within layouts/application (0.6ms)
Completed 200 OK in 17ms (Views: 16.5ms | ActiveRecord: 0.1ms)


Started GET "/" for 127.0.0.1 at 2017-10-17 01:19:12 +0300
  [1m[35m (0.1ms)[0m  [1m[34mSELECT "schema_migrations"."version" FROM "schema_migrations" ORDER BY "schema_migrations"."version" ASC[0m
Processing by InvoicesController#index as HTML
  Rendering invoices/index.html.erb within layouts/application
  [1m[36mInvoice Load (0.2ms)[0m  [1m[34mSELECT "invoices".* FROM "invoices"[0m
  Rendered invoices/index.html.erb within layouts/application (13.1ms)
Completed 200 OK in 194ms (Views: 180.4ms | ActiveRecord: 0.7ms)


Started GET "/invoices/1" for 127.0.0.1 at 2017-10-17 01:19:14 +0300
Processing by InvoicesController#show as HTML
  Parameters: {"id"=>"1"}
  [1m[36mInvoice Load (0.2ms)[0m  [1m[34mSELECT  "invoices".* FROM "invoices" WHERE "invoices"."id" = ? LIMIT ?[0m  [["id", 1], ["LIMIT", 1]]
  Rendering invoices/show.html.erb within layouts/application
  Rendered invoices/show.html.erb within layouts/application (8.4ms)
Completed 200 OK in 24ms (Views: 19.3ms | ActiveRecord: 0.5ms)


Started GET "/invoices/1.pdf" for 127.0.0.1 at 2017-10-17 01:19:16 +0300
Processing by InvoicesController#show as PDF
  Parameters: {"id"=>"1"}
  [1m[36mInvoice Load (0.1ms)[0m  [1m[34mSELECT  "invoices".* FROM "invoices" WHERE "invoices"."id" = ? LIMIT ?[0m  [["id", 1], ["LIMIT", 1]]
***************WICKED***************
  Rendering invoices/show.pdf.erb
  Rendered invoices/show.pdf.erb (0.5ms)
  Rendering text template
  Rendered text template (0.1ms)
Sent data file_name_of_your_choice.pdf (3.8ms)
Completed 200 OK in 780ms (Views: 3.2ms | ActiveRecord: 0.1ms)


Started GET "/" for 127.0.0.1 at 2017-10-17 01:20:07 +0300
Processing by InvoicesController#index as HTML
  Rendering invoices/index.html.erb within layouts/application
  [1m[36mInvoice Load (0.2ms)[0m  [1m[34mSELECT "invoices".* FROM "invoices"[0m
  Rendered invoices/index.html.erb within layouts/application (1.4ms)
Completed 200 OK in 21ms (Views: 20.0ms | ActiveRecord: 0.2ms)


  [1m[35m (0.1ms)[0m  [1m[34mSELECT "schema_migrations"."version" FROM "schema_migrations" ORDER BY "schema_migrations"."version" ASC[0m
  [1m[35m (0.1ms)[0m  [1m[36mbegin transaction[0m
  [1m[35mSQL (0.6ms)[0m  [1m[32mINSERT INTO "invoices" ("date", "client", "count", "created_at", "updated_at") VALUES (?, ?, ?, ?, ?)[0m  [["date", "2016-04-01"], ["client", "Pedro Alonso"], ["count", "24.9"], ["created_at", "2017-10-16 22:20:16.270389"], ["updated_at", "2017-10-16 22:20:16.270389"]]
  [1m[35m (68.3ms)[0m  [1m[36mcommit transaction[0m
  [1m[35m (0.1ms)[0m  [1m[36mbegin transaction[0m
  [1m[35mSQL (0.5ms)[0m  [1m[32mINSERT INTO "invoices" ("date", "client", "count", "created_at", "updated_at") VALUES (?, ?, ?, ?, ?)[0m  [["date", "2016-05-10"], ["client", "Xavi Alonso"], ["count", "24.9"], ["created_at", "2017-10-16 22:20:16.342944"], ["updated_at", "2017-10-16 22:20:16.342944"]]
  [1m[35m (79.6ms)[0m  [1m[36mcommit transaction[0m
  [1m[35m (0.0ms)[0m  [1m[36mbegin transaction[0m
  [1m[35mSQL (0.4ms)[0m  [1m[32mINSERT INTO "invoices" ("date", "client", "count", "created_at", "updated_at") VALUES (?, ?, ?, ?, ?)[0m  [["date", "2016-07-10"], ["client", "Andrew Alonso"], ["count", "28.9"], ["created_at", "2017-10-16 22:20:16.424468"], ["updated_at", "2017-10-16 22:20:16.424468"]]
  [1m[35m (65.7ms)[0m  [1m[36mcommit transaction[0m
Started GET "/" for 127.0.0.1 at 2017-10-17 01:20:22 +0300
  [1m[35m (0.1ms)[0m  [1m[34mSELECT "schema_migrations"."version" FROM "schema_migrations" ORDER BY "schema_migrations"."version" ASC[0m
Processing by InvoicesController#index as HTML
  Rendering invoices/index.html.erb within layouts/application
  [1m[36mInvoice Load (0.3ms)[0m  [1m[34mSELECT "invoices".* FROM "invoices"[0m
  Rendered invoices/index.html.erb within layouts/application (7.8ms)
Completed 200 OK in 161ms (Views: 151.2ms | ActiveRecord: 0.7ms)


Started GET "/invoices/3" for 127.0.0.1 at 2017-10-17 01:20:25 +0300
Processing by InvoicesController#show as HTML
  Parameters: {"id"=>"3"}
  [1m[36mInvoice Load (0.2ms)[0m  [1m[34mSELECT  "invoices".* FROM "invoices" WHERE "invoices"."id" = ? LIMIT ?[0m  [["id", 3], ["LIMIT", 1]]
  Rendering invoices/show.html.erb within layouts/application
  Rendered invoices/show.html.erb within layouts/application (8.9ms)
Completed 200 OK in 27ms (Views: 24.1ms | ActiveRecord: 0.2ms)


Started GET "/invoices/3.pdf" for 127.0.0.1 at 2017-10-17 01:20:27 +0300
Processing by InvoicesController#show as PDF
  Parameters: {"id"=>"3"}
  [1m[36mInvoice Load (0.2ms)[0m  [1m[34mSELECT  "invoices".* FROM "invoices" WHERE "invoices"."id" = ? LIMIT ?[0m  [["id", 3], ["LIMIT", 1]]
***************WICKED***************
  Rendering invoices/show.pdf.erb
  Rendered invoices/show.pdf.erb (0.5ms)
  Rendering text template
  Rendered text template (0.0ms)
Sent data file_name_of_your_choice.pdf (0.8ms)
Completed 200 OK in 933ms (Views: 0.6ms | ActiveRecord: 0.2ms)


Started GET "/invoices/3" for 127.0.0.1 at 2017-10-17 01:25:02 +0300
Processing by InvoicesController#show as HTML
  Parameters: {"id"=>"3"}
  [1m[36mInvoice Load (0.4ms)[0m  [1m[34mSELECT  "invoices".* FROM "invoices" WHERE "invoices"."id" = ? LIMIT ?[0m  [["id", 3], ["LIMIT", 1]]
  Rendering invoices/show.html.erb within layouts/application
  Rendered invoices/show.html.erb within layouts/application (2.1ms)
Completed 200 OK in 73ms (Views: 70.6ms | ActiveRecord: 0.4ms)


Started GET "/invoices/3.pdf" for 127.0.0.1 at 2017-10-17 01:25:04 +0300
Processing by InvoicesController#show as PDF
  Parameters: {"id"=>"3"}
  [1m[36mInvoice Load (0.2ms)[0m  [1m[34mSELECT  "invoices".* FROM "invoices" WHERE "invoices"."id" = ? LIMIT ?[0m  [["id", 3], ["LIMIT", 1]]
***************WICKED***************
  Rendering invoices/show.pdf.erb
  Rendered invoices/show.pdf.erb (1.6ms)
  Rendering text template
  Rendered text template (0.0ms)
Sent data file_name_of_your_choice.pdf (1.2ms)
Completed 200 OK in 1100ms (Views: 0.5ms | ActiveRecord: 0.2ms)


